# JRE version: Java(TM) SE Runtime Environment (8.0_201-b09) (build 1.8.0_201-b09)
# Java VM: Java HotSpot(TM) 64-Bit Server VM (25.201-b09 mixed mode windows-amd64 compressed oops)
Heap:
 PSYoungGen      total 114176K, used 49364K [0x00000000d8400000, 0x00000000e0600000, 0x0000000100000000)
  eden space 109056K, 40% used [0x00000000d8400000,0x00000000daf37968,0x00000000dee80000)
  from space 5120K, 99% used [0x00000000e0100000,0x00000000e05fd928,0x00000000e0600000)
  to   space 5120K, 0% used [0x00000000dfc00000,0x00000000dfc00000,0x00000000e0100000)
 ParOldGen       total 51200K, used 11115K [0x0000000088c00000, 0x000000008be00000, 0x00000000d8400000)
  object space 51200K, 21% used [0x0000000088c00000,0x00000000896dad10,0x000000008be00000)
 Metaspace       used 28195K, capacity 29206K, committed 29312K, reserved 1075200K
  class space    used 3696K, capacity 3922K, committed 3968K, reserved 1048576K
GC Heap History (10 events):
Event: 6.292 GC heap before
{Heap before GC invocations=1 (full 0):
 PSYoungGen      total 35840K, used 30720K [0x00000000d8400000, 0x00000000dac00000, 0x0000000100000000)
  eden space 30720K, 100% used [0x00000000d8400000,0x00000000da200000,0x00000000da200000)
  from space 5120K, 0% used [0x00000000da700000,0x00000000da700000,0x00000000dac00000)
  to   space 5120K, 0% used [0x00000000da200000,0x00000000da200000,0x00000000da700000)
 ParOldGen       total 81920K, used 0K [0x0000000088c00000, 0x000000008dc00000, 0x00000000d8400000)
  object space 81920K, 0% used [0x0000000088c00000,0x0000000088c00000,0x000000008dc00000)
 Metaspace       used 10386K, capacity 10576K, committed 10880K, reserved 1058816K
  class space    used 1254K, capacity 1334K, committed 1408K, reserved 1048576K
Event: 6.362 GC heap after
Heap after GC invocations=1 (full 0):
 PSYoungGen      total 35840K, used 4853K [0x00000000d8400000, 0x00000000dca00000, 0x0000000100000000)
  eden space 30720K, 0% used [0x00000000d8400000,0x00000000d8400000,0x00000000da200000)
  from space 5120K, 94% used [0x00000000da200000,0x00000000da6bd580,0x00000000da700000)
  to   space 5120K, 0% used [0x00000000dc500000,0x00000000dc500000,0x00000000dca00000)
 ParOldGen       total 81920K, used 16K [0x0000000088c00000, 0x000000008dc00000, 0x00000000d8400000)
  object space 81920K, 0% used [0x0000000088c00000,0x0000000088c04000,0x000000008dc00000)
 Metaspace       used 10386K, capacity 10576K, committed 10880K, reserved 1058816K
  class space    used 1254K, capacity 1334K, committed 1408K, reserved 1048576K
}
Event: 7.743 GC heap before
{Heap before GC invocations=2 (full 0):
 PSYoungGen      total 35840K, used 35573K [0x00000000d8400000, 0x00000000dca00000, 0x0000000100000000)
  eden space 30720K, 100% used [0x00000000d8400000,0x00000000da200000,0x00000000da200000)
  from space 5120K, 94% used [0x00000000da200000,0x00000000da6bd580,0x00000000da700000)
  to   space 5120K, 0% used [0x00000000dc500000,0x00000000dc500000,0x00000000dca00000)
 ParOldGen       total 81920K, used 16K [0x0000000088c00000, 0x000000008dc00000, 0x00000000d8400000)
  object space 81920K, 0% used [0x0000000088c00000,0x0000000088c04000,0x000000008dc00000)
 Metaspace       used 14815K, capacity 15124K, committed 15360K, reserved 1062912K
  class space    used 1910K, capacity 2023K, committed 2048K, reserved 1048576K
Event: 7.873 GC heap after
Heap after GC invocations=2 (full 0):
 PSYoungGen      total 66560K, used 5116K [0x00000000d8400000, 0x00000000dca00000, 0x0000000100000000)
  eden space 61440K, 0% used [0x00000000d8400000,0x00000000d8400000,0x00000000dc000000)
  from space 5120K, 99% used [0x00000000dc500000,0x00000000dc9ff3e0,0x00000000dca00000)
  to   space 5120K, 0% used [0x00000000dc000000,0x00000000dc000000,0x00000000dc500000)
 ParOldGen       total 81920K, used 1082K [0x0000000088c00000, 0x000000008dc00000, 0x00000000d8400000)
  object space 81920K, 1% used [0x0000000088c00000,0x0000000088d0e890,0x000000008dc00000)
 Metaspace       used 14815K, capacity 15124K, committed 15360K, reserved 1062912K
  class space    used 1910K, capacity 2023K, committed 2048K, reserved 1048576K
}
Event: 9.516 GC heap before
{Heap before GC invocations=3 (full 0):
 PSYoungGen      total 66560K, used 46223K [0x00000000d8400000, 0x00000000dca00000, 0x0000000100000000)
  eden space 61440K, 66% used [0x00000000d8400000,0x00000000dac24908,0x00000000dc000000)
  from space 5120K, 99% used [0x00000000dc500000,0x00000000dc9ff3e0,0x00000000dca00000)
  to   space 5120K, 0% used [0x00000000dc000000,0x00000000dc000000,0x00000000dc500000)
 ParOldGen       total 81920K, used 1082K [0x0000000088c00000, 0x000000008dc00000, 0x00000000d8400000)
  object space 81920K, 1% used [0x0000000088c00000,0x0000000088d0e890,0x000000008dc00000)
 Metaspace       used 20665K, capacity 21128K, committed 21296K, reserved 1067008K
  class space    used 2681K, capacity 2835K, committed 2944K, reserved 1048576K
Event: 9.537 GC heap after
Heap after GC invocations=3 (full 0):
 PSYoungGen      total 66560K, used 5095K [0x00000000d8400000, 0x00000000e0600000, 0x0000000100000000)
  eden space 61440K, 0% used [0x00000000d8400000,0x00000000d8400000,0x00000000dc000000)
  from space 5120K, 99% used [0x00000000dc000000,0x00000000dc4f9f20,0x00000000dc500000)
  to   space 5120K, 0% used [0x00000000e0100000,0x00000000e0100000,0x00000000e0600000)
 ParOldGen       total 81920K, used 5321K [0x0000000088c00000, 0x000000008dc00000, 0x00000000d8400000)
  object space 81920K, 6% used [0x0000000088c00000,0x0000000089132538,0x000000008dc00000)
 Metaspace       used 20665K, capacity 21128K, committed 21296K, reserved 1067008K
  class space    used 2681K, capacity 2835K, committed 2944K, reserved 1048576K
}
Event: 9.537 GC heap before
{Heap before GC invocations=4 (full 1):
 PSYoungGen      total 66560K, used 5095K [0x00000000d8400000, 0x00000000e0600000, 0x0000000100000000)
  eden space 61440K, 0% used [0x00000000d8400000,0x00000000d8400000,0x00000000dc000000)
  from space 5120K, 99% used [0x00000000dc000000,0x00000000dc4f9f20,0x00000000dc500000)
  to   space 5120K, 0% used [0x00000000e0100000,0x00000000e0100000,0x00000000e0600000)
 ParOldGen       total 81920K, used 5321K [0x0000000088c00000, 0x000000008dc00000, 0x00000000d8400000)
  object space 81920K, 6% used [0x0000000088c00000,0x0000000089132538,0x000000008dc00000)
 Metaspace       used 20665K, capacity 21128K, committed 21296K, reserved 1067008K
  class space    used 2681K, capacity 2835K, committed 2944K, reserved 1048576K
Event: 9.618 GC heap after
Heap after GC invocations=4 (full 1):
 PSYoungGen      total 66560K, used 0K [0x00000000d8400000, 0x00000000e0600000, 0x0000000100000000)
  eden space 61440K, 0% used [0x00000000d8400000,0x00000000d8400000,0x00000000dc000000)
  from space 5120K, 0% used [0x00000000dc000000,0x00000000dc000000,0x00000000dc500000)
  to   space 5120K, 0% used [0x00000000e0100000,0x00000000e0100000,0x00000000e0600000)
 ParOldGen       total 51200K, used 9120K [0x0000000088c00000, 0x000000008be00000, 0x00000000d8400000)
  object space 51200K, 17% used [0x0000000088c00000,0x00000000894e8170,0x000000008be00000)
 Metaspace       used 20665K, capacity 21128K, committed 21296K, reserved 1067008K
  class space    used 2681K, capacity 2835K, committed 2944K, reserved 1048576K
}
Event: 13.849 GC heap before
{Heap before GC invocations=5 (full 1):
 PSYoungGen      total 66560K, used 61440K [0x00000000d8400000, 0x00000000e0600000, 0x0000000100000000)
  eden space 61440K, 100% used [0x00000000d8400000,0x00000000dc000000,0x00000000dc000000)
  from space 5120K, 0% used [0x00000000dc000000,0x00000000dc000000,0x00000000dc500000)
  to   space 5120K, 0% used [0x00000000e0100000,0x00000000e0100000,0x00000000e0600000)
 ParOldGen       total 51200K, used 9120K [0x0000000088c00000, 0x000000008be00000, 0x00000000d8400000)
  object space 51200K, 17% used [0x0000000088c00000,0x00000000894e8170,0x000000008be00000)
 Metaspace       used 26752K, capacity 27642K, committed 27904K, reserved 1073152K
  class space    used 3517K, capacity 3724K, committed 3840K, reserved 1048576K
Event: 13.868 GC heap after
Heap after GC invocations=5 (full 1):
 PSYoungGen      total 114176K, used 5110K [0x00000000d8400000, 0x00000000e0600000, 0x0000000100000000)
  eden space 109056K, 0% used [0x00000000d8400000,0x00000000d8400000,0x00000000dee80000)
  from space 5120K, 99% used [0x00000000e0100000,0x00000000e05fd928,0x00000000e0600000)
  to   space 5120K, 0% used [0x00000000dfc00000,0x00000000dfc00000,0x00000000e0100000)
 ParOldGen       total 51200K, used 11115K [0x0000000088c00000, 0x000000008be00000, 0x00000000d8400000)
  object space 51200K, 21% used [0x0000000088c00000,0x00000000896dad10,0x000000008be00000)
 Metaspace       used 26752K, capacity 27642K, committed 27904K, reserved 1073152K
  class space    used 3517K, capacity 3724K, committed 3840K, reserved 1048576K
}

